SoundLevel/app/build/intermediates/manifest_merge_blame_file/debug/manifest-merger-blame-debug-report.txt
1<?xml version="1.0" encoding="utf-8"?>
2<manifest xmlns:android="http://schemas.android.com/apk/res/android"
3    package="com.project.soundlevel"
4    android:versionCode="1"
5    android:versionName="1.3.1" >
6
7    <uses-sdk
8        android:minSdkVersion="16"
8-->src\main\AndroidManifest.xml
9        android:targetSdkVersion="32" />
9-->src\main\AndroidManifest.xml
10
11    <uses-permission android:name="android.permission.WRITE_EXTERNAL_STORAGE" />
11-->src\main\AndroidManifest.xml:4:5-81
11-->src\main\AndroidManifest.xml:4:22-78
12    <uses-permission android:name="android.permission.RECORD_AUDIO" />
12-->src\main\AndroidManifest.xml:5:5-70
12-->src\main\AndroidManifest.xml:5:22-68
13
14    <application
14-->src\main\AndroidManifest.xml:6:5-18:19
15        android:allowBackup="true"
15-->src\main\AndroidManifest.xml:7:9-35
16        android:appComponentFactory="androidx.core.app.CoreComponentFactory"
16-->[androidx.core:core:1.0.1] AndroidManifest.xml:22:18-86
17        android:debuggable="true"
18        android:icon="@drawable/logo"
18-->src\main\AndroidManifest.xml:8:9-38
19        android:label="@string/app_name"
19-->src\main\AndroidManifest.xml:9:9-41
20        android:supportsRtl="true"
20-->src\main\AndroidManifest.xml:10:9-35
21        android:testOnly="true"
22        android:theme="@style/AppTheme" >
22-->src\main\AndroidManifest.xml:11:9-40
23        <activity android:name="com.project.soundlevel.MainActivity" >
23-->src\main\AndroidManifest.xml:12:9-17:20
23-->src\main\AndroidManifest.xml:12:19-69
24            <intent-filter>
24-->src\main\AndroidManifest.xml:13:13-16:29
25                <action android:name="android.intent.action.MAIN" />
25-->src\main\AndroidManifest.xml:14:17-69
25-->src\main\AndroidManifest.xml:14:25-66
26
27                <category android:name="android.intent.category.LAUNCHER" />
27-->src\main\AndroidManifest.xml:15:17-77
27-->src\main\AndroidManifest.xml:15:27-74
28            </intent-filter>
29        </activity>
30    </application>
31
32</manifest>